<?xml version="1.0" encoding="UTF-8"?>
<!-- Generated by org.testng.reporters.JUnitReportReporter -->
<testsuite hostname="RASHMI" failures="0" tests="2" name="com.Mercury.Test.loginPageTest" time="4.638" errors="0" timestamp="28 Aug 2021 03:08:46 GMT" skipped="0">
  <testcase classname="com.Mercury.Test.loginPageTest" name="verifyLogin" time="4.606"/>
  <testcase classname="com.Mercury.Test.loginPageTest" name="verifyLoginMessage" time="0.032"/>
</testsuite> <!-- com.Mercury.Test.loginPageTest -->
