<?xml version="1.0" encoding="UTF-8"?>
<!-- Generated by org.testng.reporters.JUnitReportReporter -->
<testsuite hostname="RASHMI" failures="0" tests="2" name="com.Mercury.Test.loginPageTest" time="4.596" errors="0" timestamp="31 Aug 2021 19:14:38 GMT" skipped="0">
  <testcase classname="com.Mercury.Test.loginPageTest" name="verifyLogin" time="4.562"/>
  <testcase classname="com.Mercury.Test.loginPageTest" name="verifyLoginMessage" time="0.034"/>
</testsuite> <!-- com.Mercury.Test.loginPageTest -->
